
**** Build of configuration Debug for project Util ****

"C:\\ti\\ccs1200\\ccs\\utils\\bin\\gmake" -k -j 8 all -O 
 
Building file: "../__MACOSX/Util/._launchpad.c"
Invoking: Arm Compiler
"C:/ti/ccs1200/ccs/tools/compiler/ti-cgt-arm_20.2.6.LTS/bin/armcl" -mv7M4 --code_state=16 --float_support=FPv4SPD16 -me --include_path="C:/ti/TivaWare_C_Series-2.2.0.295" --include_path="C:/Users/jhubk2/Desktop/Util" --include_path="C:/ti/ccs1200/ccs/tools/compiler/ti-cgt-arm_20.2.6.LTS/include" --define=ccs="ccs" --define=PART_TM4C123GH6PM -g --gcc --diag_warning=225 --diag_wrap=off --display_error_number --abi=eabi --preproc_with_compile --preproc_dependency="__MACOSX/Util/._launchpad.d_raw" --obj_directory="__MACOSX/Util"  "../__MACOSX/Util/._launchpad.c"
 
>> Compilation failure
__MACOSX/Util/subdir_rules.mk:9: recipe for target '__MACOSX/Util/._launchpad.obj' failed
"../__MACOSX/Util/._launchpad.c", line 1: warning #1-D: last line of file ends without a newline
"../__MACOSX/Util/._launchpad.c", line 1: warning #1268-D: null (zero) character in input line ignored
"../__MACOSX/Util/._launchpad.c", line 1: error #7: unrecognized token
"../__MACOSX/Util/._launchpad.c", line 1: error #171: expected a declaration
"../__MACOSX/Util/._launchpad.c", line 1: error #7: unrecognized token
"../__MACOSX/Util/._launchpad.c", line 1: error #7: unrecognized token
"../__MACOSX/Util/._launchpad.c", line 1: warning #1268-D: null (zero) character in input line ignored
"../__MACOSX/Util/._launchpad.c", line 1: error #7: unrecognized token
"../__MACOSX/Util/._launchpad.c", line 1: warning #1268-D: null (zero) character in input line ignored
"../__MACOSX/Util/._launchpad.c", line 1: warning #1268-D: null (zero) character in input line ignored
"../__MACOSX/Util/._launchpad.c", line 1: warning #1268-D: null (zero) character in input line ignored
"../__MACOSX/Util/._launchpad.c", line 1: error #7: unrecognized token
"../__MACOSX/Util/._launchpad.c", line 1: warning #1268-D: null (zero) character in input line ignored
"../__MACOSX/Util/._launchpad.c", line 1: warning #1268-D: null (zero) character in input line ignored
"../__MACOSX/Util/._launchpad.c", line 1: warning #1268-D: null (zero) character in input line ignored
"../__MACOSX/Util/._launchpad.c", line 1: warning #1268-D: null (zero) character in input line ignored
"../__MACOSX/Util/._launchpad.c", line 1: warning #1268-D: null (zero) character in input line ignored
"../__MACOSX/Util/._launchpad.c", line 1: warning #1268-D: null (zero) character in input line ignored
"../__MACOSX/Util/._launchpad.c", line 1: warning #1268-D: null (zero) character in input line ignored
"../__MACOSX/Util/._launchpad.c", line 1: warning #1268-D: null (zero) character in input line ignored
"../__MACOSX/Util/._launchpad.c", line 1: warning #1268-D: null (zero) character in input line ignored
"../__MACOSX/Util/._launchpad.c", line 1: warning #1268-D: null (zero) character in input line ignored
"../__MACOSX/Util/._launchpad.c", line 1: warning #1268-D: null (zero) character in input line ignored
"../__MACOSX/Util/._launchpad.c", line 1: warning #1268-D: null (zero) character in input line ignored
"../__MACOSX/Util/._launchpad.c", line 1: error #7: unrecognized token
"../__MACOSX/Util/._launchpad.c", line 1: warning #1268-D: null (zero) character in input line ignored
"../__MACOSX/Util/._launchpad.c", line 1: warning #1268-D: null (zero) character in input line ignored
"../__MACOSX/Util/._launchpad.c", line 1: warning #1268-D: null (zero) character in input line ignored
"../__MACOSX/Util/._launchpad.c", line 1: error #7: unrecognized token
"../__MACOSX/Util/._launchpad.c", line 1: warning #1268-D: null (zero) character in input line ignored
"../__MACOSX/Util/._launchpad.c", line 1: warning #1268-D: null (zero) character in input line ignored
"../__MACOSX/Util/._launchpad.c", line 1: warning #1268-D: null (zero) character in input line ignored
"../__MACOSX/Util/._launchpad.c", line 1: warning #1268-D: null (zero) character in input line ignored
"../__MACOSX/Util/._launchpad.c", line 1: warning #1268-D: null (zero) character in input line ignored
"../__MACOSX/Util/._launchpad.c", line 1: warning #1268-D: null (zero) character in input line ignored
"../__MACOSX/Util/._launchpad.c", line 1: warning #1268-D: null (zero) character in input line ignored
"../__MACOSX/Util/._launchpad.c", line 1: warning #1268-D: null (zero) character in input line ignored
"../__MACOSX/Util/._launchpad.c", line 1: warning #1268-D: null (zero) character in input line ignored
"../__MACOSX/Util/._launchpad.c", line 1: warning #1268-D: null (zero) character in input line ignored
"../__MACOSX/Util/._launchpad.c", line 1: warning #1268-D: null (zero) character in input line ignored
"../__MACOSX/Util/._launchpad.c", line 1: warning #1268-D: null (zero) character in input line ignored
"../__MACOSX/Util/._launchpad.c", line 1: warning #1268-D: null (zero) character in input line ignored
"../__MACOSX/Util/._launchpad.c", line 1: warning #1268-D: null (zero) character in input line ignored
"../__MACOSX/Util/._launchpad.c", line 1: warning #1268-D: null (zero) character in input line ignored
"../__MACOSX/Util/._launchpad.c", line 1: warning #1268-D: null (zero) character in input line ignored
"../__MACOSX/Util/._launchpad.c", line 1: warning #1268-D: null (zero) character in input line ignored
"../__MACOSX/Util/._launchpad.c", line 1: warning #1268-D: null (zero) character in input line ignored
"../__MACOSX/Util/._launchpad.c", line 1: warning #1268-D: null (zero) character in input line ignored
"../__MACOSX/Util/._launchpad.c", line 1: warning #1268-D: null (zero) character in input line ignored
"../__MACOSX/Util/._launchpad.c", line 1: warning #1268-D: null (zero) character in input line ignored
"../__MACOSX/Util/._launchpad.c", line 1: warning #1268-D: null (zero) character in input line ignored
"../__MACOSX/Util/._launchpad.c", line 1: warning #1268-D: null (zero) character in input line ignored
"../__MACOSX/Util/._launchpad.c", line 1: warning #1268-D: null (zero) character in input line ignored
"../__MACOSX/Util/._launchpad.c", line 1: warning #1268-D: null (zero) character in input line ignored
"../__MACOSX/Util/._launchpad.c", line 1: warning #1268-D: null (zero) character in input line ignored
"../__MACOSX/Util/._launchpad.c", line 1: warning #1268-D: null (zero) character in input line ignored
"../__MACOSX/Util/._launchpad.c", line 1: warning #1268-D: null (zero) character in input line ignored
"../__MACOSX/Util/._launchpad.c", line 1: warning #1268-D: null (zero) character in input line ignored
"../__MACOSX/Util/._launchpad.c", line 1: warning #1268-D: null (zero) character in input line ignored
"../__MACOSX/Util/._launchpad.c", line 1: warning #1268-D: null (zero) character in input line ignored
"../__MACOSX/Util/._launchpad.c", line 1: warning #1268-D: null (zero) character in input line ignored
"../__MACOSX/Util/._launchpad.c", line 1: warning #1268-D: null (zero) character in input line ignored
"../__MACOSX/Util/._launchpad.c", line 1: warning #1268-D: null (zero) character in input line ignored
"../__MACOSX/Util/._launchpad.c", line 1: warning #1268-D: null (zero) character in input line ignored
"../__MACOSX/Util/._launchpad.c", line 1: warning #1268-D: null (zero) character in input line ignored
"../__MACOSX/Util/._launchpad.c", line 1: warning #1268-D: null (zero) character in input line ignored
"../__MACOSX/Util/._launchpad.c", line 1: warning #1268-D: null (zero) character in input line ignored
"../__MACOSX/Util/._launchpad.c", line 1: warning #1268-D: null (zero) character in input line ignored
"../__MACOSX/Util/._launchpad.c", line 1: warning #1268-D: null (zero) character in input line ignored
"../__MACOSX/Util/._launchpad.c", line 1: warning #1268-D: null (zero) character in input line ignored
"../__MACOSX/Util/._launchpad.c", line 1: warning #1268-D: null (zero) character in input line ignored
"../__MACOSX/Util/._launchpad.c", line 1: warning #1268-D: null (zero) character in input line ignored
"../__MACOSX/Util/._launchpad.c", line 1: warning #1268-D: null (zero) character in input line ignored
"../__MACOSX/Util/._launchpad.c", line 1: warning #1268-D: null (zero) character in input line ignored
"../__MACOSX/Util/._launchpad.c", line 1: error #7: unrecognized token
"../__MACOSX/Util/._launchpad.c", line 1: warning #1268-D: null (zero) character in input line ignored
"../__MACOSX/Util/._launchpad.c", line 1: warning #1268-D: null (zero) character in input line ignored
"../__MACOSX/Util/._launchpad.c", line 1: warning #1268-D: null (zero) character in input line ignored
"../__MACOSX/Util/._launchpad.c", line 1: error #7: unrecognized token
"../__MACOSX/Util/._launchpad.c", line 1: warning #1268-D: null (zero) character in input line ignored
"../__MACOSX/Util/._launchpad.c", line 1: warning #1268-D: null (zero) character in input line ignored
"../__MACOSX/Util/._launchpad.c", line 1: warning #1268-D: null (zero) character in input line ignored
"../__MACOSX/Util/._launchpad.c", line 1: error #7: unrecognized token
"../__MACOSX/Util/._launchpad.c", line 1: warning #1268-D: null (zero) character in input line ignored
"../__MACOSX/Util/._launchpad.c", line 1: warning #1268-D: null (zero) character in input line ignored
"../__MACOSX/Util/._launchpad.c", line 1: warning #1268-D: null (zero) character in input line ignored
"../__MACOSX/Util/._launchpad.c", line 1: warning #1268-D: null (zero) character in input line ignored
"../__MACOSX/Util/._launchpad.c", line 1: warning #1268-D: null (zero) character in input line ignored
"../__MACOSX/Util/._launchpad.c", line 1: warning #1268-D: null (zero) character in input line ignored
"../__MACOSX/Util/._launchpad.c", line 1: warning #1268-D: null (zero) character in input line ignored
"../__MACOSX/Util/._launchpad.c", line 1: warning #1268-D: null (zero) character in input line ignored
"../__MACOSX/Util/._launchpad.c", line 1: warning #1268-D: null (zero) character in input line ignored
"../__MACOSX/Util/._launchpad.c", line 1: warning #1268-D: null (zero) character in input line ignored
"../__MACOSX/Util/._launchpad.c", line 1: warning #1268-D: null (zero) character in input line ignored
"../__MACOSX/Util/._launchpad.c", line 1: warning #1268-D: null (zero) character in input line ignored
"../__MACOSX/Util/._launchpad.c", line 1: warning #1268-D: null (zero) character in input line ignored
"../__MACOSX/Util/._launchpad.c", line 1: warning #1268-D: null (zero) character in input line ignored
"../__MACOSX/Util/._launchpad.c", line 1: warning #1268-D: null (zero) character in input line ignored
"../__MACOSX/Util/._launchpad.c", line 1: error #7: unrecognized token
"../__MACOSX/Util/._launchpad.c", line 1: warning #1268-D: null (zero) character in input line ignored
"../__MACOSX/Util/._launchpad.c", line 1: warning #1268-D: null (zero) character in input line ignored
"../__MACOSX/Util/._launchpad.c", line 1: warning #1268-D: null (zero) character in input line ignored
"../__MACOSX/Util/._launchpad.c", line 1: error #7: unrecognized token
"../__MACOSX/Util/._launchpad.c", line 1: warning #1268-D: null (zero) character in input line ignored
"../__MACOSX/Util/._launchpad.c", line 1: warning #1268-D: null (zero) character in input line ignored
"../__MACOSX/Util/._launchpad.c", line 1: warning #1268-D: null (zero) character in input line ignored
"../__MACOSX/Util/._launchpad.c", line 1: error #7: unrecognized token
"../__MACOSX/Util/._launchpad.c", line 1: warning #1268-D: null (zero) character in input line ignored
"../__MACOSX/Util/._launchpad.c", line 1: warning #1268-D: null (zero) character in input line ignored
14 errors detected in the compilation of "../__MACOSX/Util/._launchpad.c".
gmake: *** [__MACOSX/Util/._launchpad.obj] Error 1
Building file: "../__MACOSX/Util/._led.c"
Invoking: Arm Compiler
"C:/ti/ccs1200/ccs/tools/compiler/ti-cgt-arm_20.2.6.LTS/bin/armcl" -mv7M4 --code_state=16 --float_support=FPv4SPD16 -me --include_path="C:/ti/TivaWare_C_Series-2.2.0.295" --include_path="C:/Users/jhubk2/Desktop/Util" --include_path="C:/ti/ccs1200/ccs/tools/compiler/ti-cgt-arm_20.2.6.LTS/include" --define=ccs="ccs" --define=PART_TM4C123GH6PM -g --gcc --diag_warning=225 --diag_wrap=off --display_error_number --abi=eabi --preproc_with_compile --preproc_dependency="__MACOSX/Util/._led.d_raw" --obj_directory="__MACOSX/Util"  "../__MACOSX/Util/._led.c"
 
>> Compilation failure
__MACOSX/Util/subdir_rules.mk:9: recipe for target '__MACOSX/Util/._led.obj' failed
"../__MACOSX/Util/._led.c", line 1: warning #1-D: last line of file ends without a newline
"../__MACOSX/Util/._led.c", line 1: warning #1268-D: null (zero) character in input line ignored
"../__MACOSX/Util/._led.c", line 1: error #7: unrecognized token
"../__MACOSX/Util/._led.c", line 1: error #171: expected a declaration
"../__MACOSX/Util/._led.c", line 1: error #7: unrecognized token
"../__MACOSX/Util/._led.c", line 1: error #7: unrecognized token
"../__MACOSX/Util/._led.c", line 1: warning #1268-D: null (zero) character in input line ignored
"../__MACOSX/Util/._led.c", line 1: error #7: unrecognized token
"../__MACOSX/Util/._led.c", line 1: warning #1268-D: null (zero) character in input line ignored
"../__MACOSX/Util/._led.c", line 1: warning #1268-D: null (zero) character in input line ignored
"../__MACOSX/Util/._led.c", line 1: warning #1268-D: null (zero) character in input line ignored
"../__MACOSX/Util/._led.c", line 1: error #7: unrecognized token
"../__MACOSX/Util/._led.c", line 1: warning #1268-D: null (zero) character in input line ignored
"../__MACOSX/Util/._led.c", line 1: warning #1268-D: null (zero) character in input line ignored
"../__MACOSX/Util/._led.c", line 1: warning #1268-D: null (zero) character in input line ignored
"../__MACOSX/Util/._led.c", line 1: warning #1268-D: null (zero) character in input line ignored
"../__MACOSX/Util/._led.c", line 1: warning #1268-D: null (zero) character in input line ignored
"../__MACOSX/Util/._led.c", line 1: warning #1268-D: null (zero) character in input line ignored
"../__MACOSX/Util/._led.c", line 1: warning #1268-D: null (zero) character in input line ignored
"../__MACOSX/Util/._led.c", line 1: warning #1268-D: null (zero) character in input line ignored
"../__MACOSX/Util/._led.c", line 1: warning #1268-D: null (zero) character in input line ignored
"../__MACOSX/Util/._led.c", line 1: warning #1268-D: null (zero) character in input line ignored
"../__MACOSX/Util/._led.c", line 1: warning #1268-D: null (zero) character in input line ignored
"../__MACOSX/Util/._led.c", line 1: warning #1268-D: null (zero) character in input line ignored
"../__MACOSX/Util/._led.c", line 1: error #7: unrecognized token
"../__MACOSX/Util/._led.c", line 1: warning #1268-D: null (zero) character in input line ignored
"../__MACOSX/Util/._led.c", line 1: warning #1268-D: null (zero) character in input line ignored
"../__MACOSX/Util/._led.c", line 1: warning #1268-D: null (zero) character in input line ignored
"../__MACOSX/Util/._led.c", line 1: error #7: unrecognized token
"../__MACOSX/Util/._led.c", line 1: warning #1268-D: null (zero) character in input line ignored
"../__MACOSX/Util/._led.c", line 1: warning #1268-D: null (zero) character in input line ignored
"../__MACOSX/Util/._led.c", line 1: warning #1268-D: null (zero) character in input line ignored
"../__MACOSX/Util/._led.c", line 1: warning #1268-D: null (zero) character in input line ignored
"../__MACOSX/Util/._led.c", line 1: warning #1268-D: null (zero) character in input line ignored
"../__MACOSX/Util/._led.c", line 1: warning #1268-D: null (zero) character in input line ignored
"../__MACOSX/Util/._led.c", line 1: warning #1268-D: null (zero) character in input line ignored
"../__MACOSX/Util/._led.c", line 1: warning #1268-D: null (zero) character in input line ignored
"../__MACOSX/Util/._led.c", line 1: warning #1268-D: null (zero) character in input line ignored
"../__MACOSX/Util/._led.c", line 1: warning #1268-D: null (zero) character in input line ignored
"../__MACOSX/Util/._led.c", line 1: warning #1268-D: null (zero) character in input line ignored
"../__MACOSX/Util/._led.c", line 1: warning #1268-D: null (zero) character in input line ignored
"../__MACOSX/Util/._led.c", line 1: warning #1268-D: null (zero) character in input line ignored
"../__MACOSX/Util/._led.c", line 1: warning #1268-D: null (zero) character in input line ignored
"../__MACOSX/Util/._led.c", line 1: warning #1268-D: null (zero) character in input line ignored
"../__MACOSX/Util/._led.c", line 1: warning #1268-D: null (zero) character in input line ignored
"../__MACOSX/Util/._led.c", line 1: warning #1268-D: null (zero) character in input line ignored
"../__MACOSX/Util/._led.c", line 1: warning #1268-D: null (zero) character in input line ignored
"../__MACOSX/Util/._led.c", line 1: warning #1268-D: null (zero) character in input line ignored
"../__MACOSX/Util/._led.c", line 1: warning #1268-D: null (zero) character in input line ignored
"../__MACOSX/Util/._led.c", line 1: warning #1268-D: null (zero) character in input line ignored
"../__MACOSX/Util/._led.c", line 1: warning #1268-D: null (zero) character in input line ignored
"../__MACOSX/Util/._led.c", line 1: warning #1268-D: null (zero) character in input line ignored
"../__MACOSX/Util/._led.c", line 1: warning #1268-D: null (zero) character in input line ignored
"../__MACOSX/Util/._led.c", line 1: warning #1268-D: null (zero) character in input line ignored
"../__MACOSX/Util/._led.c", line 1: warning #1268-D: null (zero) character in input line ignored
"../__MACOSX/Util/._led.c", line 1: warning #1268-D: null (zero) character in input line ignored
"../__MACOSX/Util/._led.c", line 1: warning #1268-D: null (zero) character in input line ignored
"../__MACOSX/Util/._led.c", line 1: warning #1268-D: null (zero) character in input line ignored
"../__MACOSX/Util/._led.c", line 1: warning #1268-D: null (zero) character in input line ignored
"../__MACOSX/Util/._led.c", line 1: warning #1268-D: null (zero) character in input line ignored
"../__MACOSX/Util/._led.c", line 1: warning #1268-D: null (zero) character in input line ignored
"../__MACOSX/Util/._led.c", line 1: warning #1268-D: null (zero) character in input line ignored
"../__MACOSX/Util/._led.c", line 1: warning #1268-D: null (zero) character in input line ignored
"../__MACOSX/Util/._led.c", line 1: warning #1268-D: null (zero) character in input line ignored
"../__MACOSX/Util/._led.c", line 1: warning #1268-D: null (zero) character in input line ignored
"../__MACOSX/Util/._led.c", line 1: warning #1268-D: null (zero) character in input line ignored
"../__MACOSX/Util/._led.c", line 1: warning #1268-D: null (zero) character in input line ignored
"../__MACOSX/Util/._led.c", line 1: warning #1268-D: null (zero) character in input line ignored
"../__MACOSX/Util/._led.c", line 1: warning #1268-D: null (zero) character in input line ignored
"../__MACOSX/Util/._led.c", line 1: warning #1268-D: null (zero) character in input line ignored
"../__MACOSX/Util/._led.c", line 1: warning #1268-D: null (zero) character in input line ignored
"../__MACOSX/Util/._led.c", line 1: warning #1268-D: null (zero) character in input line ignored
"../__MACOSX/Util/._led.c", line 1: warning #1268-D: null (zero) character in input line ignored
"../__MACOSX/Util/._led.c", line 1: warning #1268-D: null (zero) character in input line ignored
"../__MACOSX/Util/._led.c", line 1: error #7: unrecognized token
"../__MACOSX/Util/._led.c", line 1: warning #1268-D: null (zero) character in input line ignored
"../__MACOSX/Util/._led.c", line 1: warning #1268-D: null (zero) character in input line ignored
"../__MACOSX/Util/._led.c", line 1: warning #1268-D: null (zero) character in input line ignored
"../__MACOSX/Util/._led.c", line 1: error #7: unrecognized token
"../__MACOSX/Util/._led.c", line 1: warning #1268-D: null (zero) character in input line ignored
"../__MACOSX/Util/._led.c", line 1: warning #1268-D: null (zero) character in input line ignored
"../__MACOSX/Util/._led.c", line 1: warning #1268-D: null (zero) character in input line ignored
"../__MACOSX/Util/._led.c", line 1: error #7: unrecognized token
"../__MACOSX/Util/._led.c", line 1: warning #1268-D: null (zero) character in input line ignored
"../__MACOSX/Util/._led.c", line 1: warning #1268-D: null (zero) character in input line ignored
"../__MACOSX/Util/._led.c", line 1: warning #1268-D: null (zero) character in input line ignored
"../__MACOSX/Util/._led.c", line 1: warning #1268-D: null (zero) character in input line ignored
"../__MACOSX/Util/._led.c", line 1: warning #1268-D: null (zero) character in input line ignored
"../__MACOSX/Util/._led.c", line 1: warning #1268-D: null (zero) character in input line ignored
"../__MACOSX/Util/._led.c", line 1: warning #1268-D: null (zero) character in input line ignored
"../__MACOSX/Util/._led.c", line 1: warning #1268-D: null (zero) character in input line ignored
"../__MACOSX/Util/._led.c", line 1: warning #1268-D: null (zero) character in input line ignored
"../__MACOSX/Util/._led.c", line 1: warning #1268-D: null (zero) character in input line ignored
"../__MACOSX/Util/._led.c", line 1: warning #1268-D: null (zero) character in input line ignored
"../__MACOSX/Util/._led.c", line 1: warning #1268-D: null (zero) character in input line ignored
"../__MACOSX/Util/._led.c", line 1: warning #1268-D: null (zero) character in input line ignored
"../__MACOSX/Util/._led.c", line 1: warning #1268-D: null (zero) character in input line ignored
"../__MACOSX/Util/._led.c", line 1: warning #1268-D: null (zero) character in input line ignored
"../__MACOSX/Util/._led.c", line 1: error #7: unrecognized token
"../__MACOSX/Util/._led.c", line 1: warning #1268-D: null (zero) character in input line ignored
"../__MACOSX/Util/._led.c", line 1: warning #1268-D: null (zero) character in input line ignored
"../__MACOSX/Util/._led.c", line 1: warning #1268-D: null (zero) character in input line ignored
"../__MACOSX/Util/._led.c", line 1: error #7: unrecognized token
"../__MACOSX/Util/._led.c", line 1: warning #1268-D: null (zero) character in input line ignored
"../__MACOSX/Util/._led.c", line 1: warning #1268-D: null (zero) character in input line ignored
"../__MACOSX/Util/._led.c", line 1: warning #1268-D: null (zero) character in input line ignored
"../__MACOSX/Util/._led.c", line 1: error #7: unrecognized token
"../__MACOSX/Util/._led.c", line 1: warning #1268-D: null (zero) character in input line ignored
"../__MACOSX/Util/._led.c", line 1: warning #1268-D: null (zero) character in input line ignored
14 errors detected in the compilation of "../__MACOSX/Util/._led.c".
gmake: *** [__MACOSX/Util/._led.obj] Error 1
Building file: "../__MACOSX/Util/._pushbutton.c"
Invoking: Arm Compiler
"C:/ti/ccs1200/ccs/tools/compiler/ti-cgt-arm_20.2.6.LTS/bin/armcl" -mv7M4 --code_state=16 --float_support=FPv4SPD16 -me --include_path="C:/ti/TivaWare_C_Series-2.2.0.295" --include_path="C:/Users/jhubk2/Desktop/Util" --include_path="C:/ti/ccs1200/ccs/tools/compiler/ti-cgt-arm_20.2.6.LTS/include" --define=ccs="ccs" --define=PART_TM4C123GH6PM -g --gcc --diag_warning=225 --diag_wrap=off --display_error_number --abi=eabi --preproc_with_compile --preproc_dependency="__MACOSX/Util/._pushbutton.d_raw" --obj_directory="__MACOSX/Util"  "../__MACOSX/Util/._pushbutton.c"
 
>> Compilation failure
__MACOSX/Util/subdir_rules.mk:9: recipe for target '__MACOSX/Util/._pushbutton.obj' failed
"../__MACOSX/Util/._pushbutton.c", line 1: warning #1-D: last line of file ends without a newline
"../__MACOSX/Util/._pushbutton.c", line 1: warning #1268-D: null (zero) character in input line ignored
"../__MACOSX/Util/._pushbutton.c", line 1: error #7: unrecognized token
"../__MACOSX/Util/._pushbutton.c", line 1: error #171: expected a declaration
"../__MACOSX/Util/._pushbutton.c", line 1: error #7: unrecognized token
"../__MACOSX/Util/._pushbutton.c", line 1: error #7: unrecognized token
"../__MACOSX/Util/._pushbutton.c", line 1: warning #1268-D: null (zero) character in input line ignored
"../__MACOSX/Util/._pushbutton.c", line 1: error #7: unrecognized token
"../__MACOSX/Util/._pushbutton.c", line 1: warning #1268-D: null (zero) character in input line ignored
"../__MACOSX/Util/._pushbutton.c", line 1: warning #1268-D: null (zero) character in input line ignored
"../__MACOSX/Util/._pushbutton.c", line 1: warning #1268-D: null (zero) character in input line ignored
"../__MACOSX/Util/._pushbutton.c", line 1: error #7: unrecognized token
"../__MACOSX/Util/._pushbutton.c", line 1: warning #1268-D: null (zero) character in input line ignored
"../__MACOSX/Util/._pushbutton.c", line 1: warning #1268-D: null (zero) character in input line ignored
"../__MACOSX/Util/._pushbutton.c", line 1: warning #1268-D: null (zero) character in input line ignored
"../__MACOSX/Util/._pushbutton.c", line 1: warning #1268-D: null (zero) character in input line ignored
"../__MACOSX/Util/._pushbutton.c", line 1: warning #1268-D: null (zero) character in input line ignored
"../__MACOSX/Util/._pushbutton.c", line 1: warning #1268-D: null (zero) character in input line ignored
"../__MACOSX/Util/._pushbutton.c", line 1: warning #1268-D: null (zero) character in input line ignored
"../__MACOSX/Util/._pushbutton.c", line 1: warning #1268-D: null (zero) character in input line ignored
"../__MACOSX/Util/._pushbutton.c", line 1: warning #1268-D: null (zero) character in input line ignored
"../__MACOSX/Util/._pushbutton.c", line 1: warning #1268-D: null (zero) character in input line ignored
"../__MACOSX/Util/._pushbutton.c", line 1: warning #1268-D: null (zero) character in input line ignored
"../__MACOSX/Util/._pushbutton.c", line 1: warning #1268-D: null (zero) character in input line ignored
"../__MACOSX/Util/._pushbutton.c", line 1: error #7: unrecognized token
"../__MACOSX/Util/._pushbutton.c", line 1: warning #1268-D: null (zero) character in input line ignored
"../__MACOSX/Util/._pushbutton.c", line 1: warning #1268-D: null (zero) character in input line ignored
"../__MACOSX/Util/._pushbutton.c", line 1: warning #1268-D: null (zero) character in input line ignored
"../__MACOSX/Util/._pushbutton.c", line 1: error #7: unrecognized token
"../__MACOSX/Util/._pushbutton.c", line 1: warning #1268-D: null (zero) character in input line ignored
"../__MACOSX/Util/._pushbutton.c", line 1: warning #1268-D: null (zero) character in input line ignored
"../__MACOSX/Util/._pushbutton.c", line 1: warning #1268-D: null (zero) character in input line ignored
"../__MACOSX/Util/._pushbutton.c", line 1: warning #1268-D: null (zero) character in input line ignored
"../__MACOSX/Util/._pushbutton.c", line 1: warning #1268-D: null (zero) character in input line ignored
"../__MACOSX/Util/._pushbutton.c", line 1: warning #1268-D: null (zero) character in input line ignored
"../__MACOSX/Util/._pushbutton.c", line 1: warning #1268-D: null (zero) character in input line ignored
"../__MACOSX/Util/._pushbutton.c", line 1: warning #1268-D: null (zero) character in input line ignored
"../__MACOSX/Util/._pushbutton.c", line 1: warning #1268-D: null (zero) character in input line ignored
"../__MACOSX/Util/._pushbutton.c", line 1: warning #1268-D: null (zero) character in input line ignored
"../__MACOSX/Util/._pushbutton.c", line 1: warning #1268-D: null (zero) character in input line ignored
"../__MACOSX/Util/._pushbutton.c", line 1: warning #1268-D: null (zero) character in input line ignored
"../__MACOSX/Util/._pushbutton.c", line 1: warning #1268-D: null (zero) character in input line ignored
"../__MACOSX/Util/._pushbutton.c", line 1: warning #1268-D: null (zero) character in input line ignored
"../__MACOSX/Util/._pushbutton.c", line 1: warning #1268-D: null (zero) character in input line ignored
"../__MACOSX/Util/._pushbutton.c", line 1: warning #1268-D: null (zero) character in input line ignored
"../__MACOSX/Util/._pushbutton.c", line 1: warning #1268-D: null (zero) character in input line ignored
"../__MACOSX/Util/._pushbutton.c", line 1: warning #1268-D: null (zero) character in input line ignored
"../__MACOSX/Util/._pushbutton.c", line 1: warning #1268-D: null (zero) character in input line ignored
"../__MACOSX/Util/._pushbutton.c", line 1: warning #1268-D: null (zero) character in input line ignored
"../__MACOSX/Util/._pushbutton.c", line 1: warning #1268-D: null (zero) character in input line ignored
"../__MACOSX/Util/._pushbutton.c", line 1: warning #1268-D: null (zero) character in input line ignored
"../__MACOSX/Util/._pushbutton.c", line 1: warning #1268-D: null (zero) character in input line ignored
"../__MACOSX/Util/._pushbutton.c", line 1: warning #1268-D: null (zero) character in input line ignored
"../__MACOSX/Util/._pushbutton.c", line 1: warning #1268-D: null (zero) character in input line ignored
"../__MACOSX/Util/._pushbutton.c", line 1: warning #1268-D: null (zero) character in input line ignored
"../__MACOSX/Util/._pushbutton.c", line 1: warning #1268-D: null (zero) character in input line ignored
"../__MACOSX/Util/._pushbutton.c", line 1: warning #1268-D: null (zero) character in input line ignored
"../__MACOSX/Util/._pushbutton.c", line 1: warning #1268-D: null (zero) character in input line ignored
"../__MACOSX/Util/._pushbutton.c", line 1: warning #1268-D: null (zero) character in input line ignored
"../__MACOSX/Util/._pushbutton.c", line 1: warning #1268-D: null (zero) character in input line ignored
"../__MACOSX/Util/._pushbutton.c", line 1: warning #1268-D: null (zero) character in input line ignored
"../__MACOSX/Util/._pushbutton.c", line 1: warning #1268-D: null (zero) character in input line ignored
"../__MACOSX/Util/._pushbutton.c", line 1: warning #1268-D: null (zero) character in input line ignored
"../__MACOSX/Util/._pushbutton.c", line 1: warning #1268-D: null (zero) character in input line ignored
"../__MACOSX/Util/._pushbutton.c", line 1: warning #1268-D: null (zero) character in input line ignored
"../__MACOSX/Util/._pushbutton.c", line 1: warning #1268-D: null (zero) character in input line ignored
"../__MACOSX/Util/._pushbutton.c", line 1: warning #1268-D: null (zero) character in input line ignored
"../__MACOSX/Util/._pushbutton.c", line 1: warning #1268-D: null (zero) character in input line ignored
"../__MACOSX/Util/._pushbutton.c", line 1: warning #1268-D: null (zero) character in input line ignored
"../__MACOSX/Util/._pushbutton.c", line 1: warning #1268-D: null (zero) character in input line ignored
"../__MACOSX/Util/._pushbutton.c", line 1: warning #1268-D: null (zero) character in input line ignored
"../__MACOSX/Util/._pushbutton.c", line 1: warning #1268-D: null (zero) character in input line ignored
"../__MACOSX/Util/._pushbutton.c", line 1: warning #1268-D: null (zero) character in input line ignored
"../__MACOSX/Util/._pushbutton.c", line 1: warning #1268-D: null (zero) character in input line ignored
"../__MACOSX/Util/._pushbutton.c", line 1: error #7: unrecognized token
"../__MACOSX/Util/._pushbutton.c", line 1: warning #1268-D: null (zero) character in input line ignored
"../__MACOSX/Util/._pushbutton.c", line 1: warning #1268-D: null (zero) character in input line ignored
"../__MACOSX/Util/._pushbutton.c", line 1: warning #1268-D: null (zero) character in input line ignored
"../__MACOSX/Util/._pushbutton.c", line 1: error #7: unrecognized token
"../__MACOSX/Util/._pushbutton.c", line 1: warning #1268-D: null (zero) character in input line ignored
"../__MACOSX/Util/._pushbutton.c", line 1: warning #1268-D: null (zero) character in input line ignored
"../__MACOSX/Util/._pushbutton.c", line 1: warning #1268-D: null (zero) character in input line ignored
"../__MACOSX/Util/._pushbutton.c", line 1: error #7: unrecognized token
"../__MACOSX/Util/._pushbutton.c", line 1: warning #1268-D: null (zero) character in input line ignored
"../__MACOSX/Util/._pushbutton.c", line 1: warning #1268-D: null (zero) character in input line ignored
"../__MACOSX/Util/._pushbutton.c", line 1: warning #1268-D: null (zero) character in input line ignored
"../__MACOSX/Util/._pushbutton.c", line 1: warning #1268-D: null (zero) character in input line ignored
"../__MACOSX/Util/._pushbutton.c", line 1: warning #1268-D: null (zero) character in input line ignored
"../__MACOSX/Util/._pushbutton.c", line 1: warning #1268-D: null (zero) character in input line ignored
"../__MACOSX/Util/._pushbutton.c", line 1: warning #1268-D: null (zero) character in input line ignored
"../__MACOSX/Util/._pushbutton.c", line 1: warning #1268-D: null (zero) character in input line ignored
"../__MACOSX/Util/._pushbutton.c", line 1: warning #1268-D: null (zero) character in input line ignored
"../__MACOSX/Util/._pushbutton.c", line 1: warning #1268-D: null (zero) character in input line ignored
"../__MACOSX/Util/._pushbutton.c", line 1: warning #1268-D: null (zero) character in input line ignored
"../__MACOSX/Util/._pushbutton.c", line 1: warning #1268-D: null (zero) character in input line ignored
"../__MACOSX/Util/._pushbutton.c", line 1: warning #1268-D: null (zero) character in input line ignored
"../__MACOSX/Util/._pushbutton.c", line 1: warning #1268-D: null (zero) character in input line ignored
"../__MACOSX/Util/._pushbutton.c", line 1: warning #1268-D: null (zero) character in input line ignored
"../__MACOSX/Util/._pushbutton.c", line 1: error #7: unrecognized token
"../__MACOSX/Util/._pushbutton.c", line 1: warning #1268-D: null (zero) character in input line ignored
"../__MACOSX/Util/._pushbutton.c", line 1: warning #1268-D: null (zero) character in input line ignored
"../__MACOSX/Util/._pushbutton.c", line 1: warning #1268-D: null (zero) character in input line ignored
"../__MACOSX/Util/._pushbutton.c", line 1: error #7: unrecognized token
"../__MACOSX/Util/._pushbutton.c", line 1: warning #1268-D: null (zero) character in input line ignored
"../__MACOSX/Util/._pushbutton.c", line 1: warning #1268-D: null (zero) character in input line ignored
"../__MACOSX/Util/._pushbutton.c", line 1: warning #1268-D: null (zero) character in input line ignored
"../__MACOSX/Util/._pushbutton.c", line 1: error #7: unrecognized token
"../__MACOSX/Util/._pushbutton.c", line 1: warning #1268-D: null (zero) character in input line ignored
"../__MACOSX/Util/._pushbutton.c", line 1: warning #1268-D: null (zero) character in input line ignored
14 errors detected in the compilation of "../__MACOSX/Util/._pushbutton.c".
gmake: *** [__MACOSX/Util/._pushbutton.obj] Error 1
Building file: "../__MACOSX/Util/._uart.c"
Invoking: Arm Compiler
"C:/ti/ccs1200/ccs/tools/compiler/ti-cgt-arm_20.2.6.LTS/bin/armcl" -mv7M4 --code_state=16 --float_support=FPv4SPD16 -me --include_path="C:/ti/TivaWare_C_Series-2.2.0.295" --include_path="C:/Users/jhubk2/Desktop/Util" --include_path="C:/ti/ccs1200/ccs/tools/compiler/ti-cgt-arm_20.2.6.LTS/include" --define=ccs="ccs" --define=PART_TM4C123GH6PM -g --gcc --diag_warning=225 --diag_wrap=off --display_error_number --abi=eabi --preproc_with_compile --preproc_dependency="__MACOSX/Util/._uart.d_raw" --obj_directory="__MACOSX/Util"  "../__MACOSX/Util/._uart.c"
 
>> Compilation failure
__MACOSX/Util/subdir_rules.mk:9: recipe for target '__MACOSX/Util/._uart.obj' failed
Building file: "../Util/pushbutton.c"
Invoking: Arm Compiler
"C:/ti/ccs1200/ccs/tools/compiler/ti-cgt-arm_20.2.6.LTS/bin/armcl" -mv7M4 --code_state=16 --float_support=FPv4SPD16 -me --include_path="C:/ti/TivaWare_C_Series-2.2.0.295" --include_path="C:/Users/jhubk2/Desktop/Util" --include_path="C:/ti/ccs1200/ccs/tools/compiler/ti-cgt-arm_20.2.6.LTS/include" --define=ccs="ccs" --define=PART_TM4C123GH6PM -g --gcc --diag_warning=225 --diag_wrap=off --display_error_number --abi=eabi --preproc_with_compile --preproc_dependency="Util/pushbutton.d_raw" --obj_directory="Util"  "../Util/pushbutton.c"
"../__MACOSX/Util/._uart.c", line 1: warning #1-D: last line of file ends without a newline
"../__MACOSX/Util/._uart.c", line 1: warning #1268-D: null (zero) character in input line ignored
"../__MACOSX/Util/._uart.c", line 1: error #7: unrecognized token
"../__MACOSX/Util/._uart.c", line 1: error #171: expected a declaration
"../__MACOSX/Util/._uart.c", line 1: error #7: unrecognized token
"../__MACOSX/Util/._uart.c", line 1: error #7: unrecognized token
"../__MACOSX/Util/._uart.c", line 1: warning #1268-D: null (zero) character in input line ignored
"../__MACOSX/Util/._uart.c", line 1: error #7: unrecognized token
"../__MACOSX/Util/._uart.c", line 1: warning #1268-D: null (zero) character in input line ignored
"../__MACOSX/Util/._uart.c", line 1: warning #1268-D: null (zero) character in input line ignored
"../__MACOSX/Util/._uart.c", line 1: warning #1268-D: null (zero) character in input line ignored
"../__MACOSX/Util/._uart.c", line 1: error #7: unrecognized token
"../__MACOSX/Util/._uart.c", line 1: warning #1268-D: null (zero) character in input line ignored
"../__MACOSX/Util/._uart.c", line 1: warning #1268-D: null (zero) character in input line ignored
"../__MACOSX/Util/._uart.c", line 1: warning #1268-D: null (zero) character in input line ignored
"../__MACOSX/Util/._uart.c", line 1: warning #1268-D: null (zero) character in input line ignored
"../__MACOSX/Util/._uart.c", line 1: warning #1268-D: null (zero) character in input line ignored
"../__MACOSX/Util/._uart.c", line 1: warning #1268-D: null (zero) character in input line ignored
"../__MACOSX/Util/._uart.c", line 1: warning #1268-D: null (zero) character in input line ignored
"../__MACOSX/Util/._uart.c", line 1: warning #1268-D: null (zero) character in input line ignored
"../__MACOSX/Util/._uart.c", line 1: warning #1268-D: null (zero) character in input line ignored
"../__MACOSX/Util/._uart.c", line 1: warning #1268-D: null (zero) character in input line ignored
"../__MACOSX/Util/._uart.c", line 1: warning #1268-D: null (zero) character in input line ignored
"../__MACOSX/Util/._uart.c", line 1: warning #1268-D: null (zero) character in input line ignored
"../__MACOSX/Util/._uart.c", line 1: error #7: unrecognized token
"../__MACOSX/Util/._uart.c", line 1: warning #1268-D: null (zero) character in input line ignored
"../__MACOSX/Util/._uart.c", line 1: warning #1268-D: null (zero) character in input line ignored
"../__MACOSX/Util/._uart.c", line 1: warning #1268-D: null (zero) character in input line ignored
"../__MACOSX/Util/._uart.c", line 1: error #7: unrecognized token
"../__MACOSX/Util/._uart.c", line 1: warning #1268-D: null (zero) character in input line ignored
"../__MACOSX/Util/._uart.c", line 1: warning #1268-D: null (zero) character in input line ignored
"../__MACOSX/Util/._uart.c", line 1: warning #1268-D: null (zero) character in input line ignored
"../__MACOSX/Util/._uart.c", line 1: warning #1268-D: null (zero) character in input line ignored
"../__MACOSX/Util/._uart.c", line 1: warning #1268-D: null (zero) character in input line ignored
"../__MACOSX/Util/._uart.c", line 1: warning #1268-D: null (zero) character in input line ignored
"../__MACOSX/Util/._uart.c", line 1: warning #1268-D: null (zero) character in input line ignored
"../__MACOSX/Util/._uart.c", line 1: warning #1268-D: null (zero) character in input line ignored
"../__MACOSX/Util/._uart.c", line 1: warning #1268-D: null (zero) character in input line ignored
"../__MACOSX/Util/._uart.c", line 1: warning #1268-D: null (zero) character in input line ignored
"../__MACOSX/Util/._uart.c", line 1: warning #1268-D: null (zero) character in input line ignored
"../__MACOSX/Util/._uart.c", line 1: warning #1268-D: null (zero) character in input line ignored
"../__MACOSX/Util/._uart.c", line 1: warning #1268-D: null (zero) character in input line ignored
"../__MACOSX/Util/._uart.c", line 1: warning #1268-D: null (zero) character in input line ignored
"../__MACOSX/Util/._uart.c", line 1: warning #1268-D: null (zero) character in input line ignored
"../__MACOSX/Util/._uart.c", line 1: warning #1268-D: null (zero) character in input line ignored
"../__MACOSX/Util/._uart.c", line 1: warning #1268-D: null (zero) character in input line ignored
"../__MACOSX/Util/._uart.c", line 1: warning #1268-D: null (zero) character in input line ignored
"../__MACOSX/Util/._uart.c", line 1: warning #1268-D: null (zero) character in input line ignored
"../__MACOSX/Util/._uart.c", line 1: warning #1268-D: null (zero) character in input line ignored
"../__MACOSX/Util/._uart.c", line 1: warning #1268-D: null (zero) character in input line ignored
"../__MACOSX/Util/._uart.c", line 1: warning #1268-D: null (zero) character in input line ignored
"../__MACOSX/Util/._uart.c", line 1: warning #1268-D: null (zero) character in input line ignored
"../__MACOSX/Util/._uart.c", line 1: warning #1268-D: null (zero) character in input line ignored
"../__MACOSX/Util/._uart.c", line 1: warning #1268-D: null (zero) character in input line ignored
"../__MACOSX/Util/._uart.c", line 1: warning #1268-D: null (zero) character in input line ignored
"../__MACOSX/Util/._uart.c", line 1: warning #1268-D: null (zero) character in input line ignored
"../__MACOSX/Util/._uart.c", line 1: warning #1268-D: null (zero) character in input line ignored
"../__MACOSX/Util/._uart.c", line 1: warning #1268-D: null (zero) character in input line ignored
"../__MACOSX/Util/._uart.c", line 1: warning #1268-D: null (zero) character in input line ignored
"../__MACOSX/Util/._uart.c", line 1: warning #1268-D: null (zero) character in input line ignored
"../__MACOSX/Util/._uart.c", line 1: warning #1268-D: null (zero) character in input line ignored
"../__MACOSX/Util/._uart.c", line 1: warning #1268-D: null (zero) character in input line ignored
"../__MACOSX/Util/._uart.c", line 1: warning #1268-D: null (zero) character in input line ignored
"../__MACOSX/Util/._uart.c", line 1: warning #1268-D: null (zero) character in input line ignored
"../__MACOSX/Util/._uart.c", line 1: warning #1268-D: null (zero) character in input line ignored
"../__MACOSX/Util/._uart.c", line 1: warning #1268-D: null (zero) character in input line ignored
"../__MACOSX/Util/._uart.c", line 1: warning #1268-D: null (zero) character in input line ignored
"../__MACOSX/Util/._uart.c", line 1: warning #1268-D: null (zero) character in input line ignored
"../__MACOSX/Util/._uart.c", line 1: warning #1268-D: null (zero) character in input line ignored
"../__MACOSX/Util/._uart.c", line 1: warning #1268-D: null (zero) character in input line ignored
"../__MACOSX/Util/._uart.c", line 1: warning #1268-D: null (zero) character in input line ignored
"../__MACOSX/Util/._uart.c", line 1: warning #1268-D: null (zero) character in input line ignored
"../__MACOSX/Util/._uart.c", line 1: warning #1268-D: null (zero) character in input line ignored
"../__MACOSX/Util/._uart.c", line 1: warning #1268-D: null (zero) character in input line ignored
"../__MACOSX/Util/._uart.c", line 1: error #7: unrecognized token
"../__MACOSX/Util/._uart.c", line 1: warning #1268-D: null (zero) character in input line ignored
"../__MACOSX/Util/._uart.c", line 1: warning #1268-D: null (zero) character in input line ignored
"../__MACOSX/Util/._uart.c", line 1: warning #1268-D: null (zero) character in input line ignored
"../__MACOSX/Util/._uart.c", line 1: error #7: unrecognized token
"../__MACOSX/Util/._uart.c", line 1: warning #1268-D: null (zero) character in input line ignored
"../__MACOSX/Util/._uart.c", line 1: warning #1268-D: null (zero) character in input line ignored
"../__MACOSX/Util/._uart.c", line 1: warning #1268-D: null (zero) character in input line ignored
"../__MACOSX/Util/._uart.c", line 1: error #7: unrecognized token
"../__MACOSX/Util/._uart.c", line 1: warning #1268-D: null (zero) character in input line ignored
"../__MACOSX/Util/._uart.c", line 1: warning #1268-D: null (zero) character in input line ignored
"../__MACOSX/Util/._uart.c", line 1: warning #1268-D: null (zero) character in input line ignored
"../__MACOSX/Util/._uart.c", line 1: warning #1268-D: null (zero) character in input line ignored
"../__MACOSX/Util/._uart.c", line 1: warning #1268-D: null (zero) character in input line ignored
"../__MACOSX/Util/._uart.c", line 1: warning #1268-D: null (zero) character in input line ignored
"../__MACOSX/Util/._uart.c", line 1: warning #1268-D: null (zero) character in input line ignored
"../__MACOSX/Util/._uart.c", line 1: warning #1268-D: null (zero) character in input line ignored
"../__MACOSX/Util/._uart.c", line 1: warning #1268-D: null (zero) character in input line ignored
"../__MACOSX/Util/._uart.c", line 1: warning #1268-D: null (zero) character in input line ignored
"../__MACOSX/Util/._uart.c", line 1: warning #1268-D: null (zero) character in input line ignored
"../__MACOSX/Util/._uart.c", line 1: warning #1268-D: null (zero) character in input line ignored
"../__MACOSX/Util/._uart.c", line 1: warning #1268-D: null (zero) character in input line ignored
"../__MACOSX/Util/._uart.c", line 1: warning #1268-D: null (zero) character in input line ignored
"../__MACOSX/Util/._uart.c", line 1: warning #1268-D: null (zero) character in input line ignored
"../__MACOSX/Util/._uart.c", line 1: error #7: unrecognized token
"../__MACOSX/Util/._uart.c", line 1: warning #1268-D: null (zero) character in input line ignored
"../__MACOSX/Util/._uart.c", line 1: warning #1268-D: null (zero) character in input line ignored
"../__MACOSX/Util/._uart.c", line 1: warning #1268-D: null (zero) character in input line ignored
"../__MACOSX/Util/._uart.c", line 1: error #7: unrecognized token
"../__MACOSX/Util/._uart.c", line 1: warning #1268-D: null (zero) character in input line ignored
"../__MACOSX/Util/._uart.c", line 1: warning #1268-D: null (zero) character in input line ignored
"../__MACOSX/Util/._uart.c", line 1: warning #1268-D: null (zero) character in input line ignored
"../__MACOSX/Util/._uart.c", line 1: error #7: unrecognized token
"../__MACOSX/Util/._uart.c", line 1: warning #1268-D: null (zero) character in input line ignored
"../__MACOSX/Util/._uart.c", line 1: warning #1268-D: null (zero) character in input line ignored
14 errors detected in the compilation of "../__MACOSX/Util/._uart.c".
gmake: *** [__MACOSX/Util/._uart.obj] Error 1
Finished building: "../Util/pushbutton.c"
 
Building file: "../Util/led.c"
Invoking: Arm Compiler
"C:/ti/ccs1200/ccs/tools/compiler/ti-cgt-arm_20.2.6.LTS/bin/armcl" -mv7M4 --code_state=16 --float_support=FPv4SPD16 -me --include_path="C:/ti/TivaWare_C_Series-2.2.0.295" --include_path="C:/Users/jhubk2/Desktop/Util" --include_path="C:/ti/ccs1200/ccs/tools/compiler/ti-cgt-arm_20.2.6.LTS/include" --define=ccs="ccs" --define=PART_TM4C123GH6PM -g --gcc --diag_warning=225 --diag_wrap=off --display_error_number --abi=eabi --preproc_with_compile --preproc_dependency="Util/led.d_raw" --obj_directory="Util"  "../Util/led.c"
Finished building: "../Util/led.c"
 
Building file: "../Util/launchpad.c"
Invoking: Arm Compiler
"C:/ti/ccs1200/ccs/tools/compiler/ti-cgt-arm_20.2.6.LTS/bin/armcl" -mv7M4 --code_state=16 --float_support=FPv4SPD16 -me --include_path="C:/ti/TivaWare_C_Series-2.2.0.295" --include_path="C:/Users/jhubk2/Desktop/Util" --include_path="C:/ti/ccs1200/ccs/tools/compiler/ti-cgt-arm_20.2.6.LTS/include" --define=ccs="ccs" --define=PART_TM4C123GH6PM -g --gcc --diag_warning=225 --diag_wrap=off --display_error_number --abi=eabi --preproc_with_compile --preproc_dependency="Util/launchpad.d_raw" --obj_directory="Util"  "../Util/launchpad.c"
Finished building: "../Util/launchpad.c"
 
Building file: "../Util/uart.c"
Invoking: Arm Compiler
"C:/ti/ccs1200/ccs/tools/compiler/ti-cgt-arm_20.2.6.LTS/bin/armcl" -mv7M4 --code_state=16 --float_support=FPv4SPD16 -me --include_path="C:/ti/TivaWare_C_Series-2.2.0.295" --include_path="C:/Users/jhubk2/Desktop/Util" --include_path="C:/ti/ccs1200/ccs/tools/compiler/ti-cgt-arm_20.2.6.LTS/include" --define=ccs="ccs" --define=PART_TM4C123GH6PM -g --gcc --diag_warning=225 --diag_wrap=off --display_error_number --abi=eabi --preproc_with_compile --preproc_dependency="Util/uart.d_raw" --obj_directory="Util"  "../Util/uart.c"
Finished building: "../Util/uart.c"
 
gmake: Target 'all' not remade because of errors.

**** Build Finished ****

**** Clean-only build of configuration Debug for project Util ****

"C:\\ti\\ccs1200\\ccs\\utils\\bin\\gmake" -k -j 8 clean -O 
 
DEL /F  "Util.lib" 
DEL /F "Util\launchpad.obj" "Util\led.obj" "Util\pushbutton.obj" "Util\uart.obj" "__MACOSX\Util\._launchpad.obj" "__MACOSX\Util\._led.obj" "__MACOSX\Util\._pushbutton.obj" "__MACOSX\Util\._uart.obj" 
DEL /F "Util\launchpad.d" "Util\led.d" "Util\pushbutton.d" "Util\uart.d" "__MACOSX\Util\._launchpad.d" "__MACOSX\Util\._led.d" "__MACOSX\Util\._pushbutton.d" "__MACOSX\Util\._uart.d" 
Could Not Find C:\Users\jhubk2\Desktop\Util\Debug\Util.lib
The system cannot find the path specified.
The system cannot find the path specified.
Finished clean
 

**** Build Finished ****

**** Build of configuration Debug for project Util ****

"C:\\ti\\ccs1200\\ccs\\utils\\bin\\gmake" -k -j 8 all -O 
 
Building target: "Util.lib"
Invoking: Arm Archiver
"C:/ti/ccs1200/ccs/tools/compiler/ti-cgt-arm_20.2.6.LTS/bin/armar" r "Util.lib" "./Util/launchpad.obj" "./Util/led.obj" "./Util/pushbutton.obj" "./Util/uart.obj" 
  ==>  new archive 'Util.lib'
  ==>  building archive 'Util.lib'
Finished building target: "Util.lib"
 

**** Build Finished ****

**** Build of configuration Debug for project Lab1 ****

"C:\\ti\\ccs1200\\ccs\\utils\\bin\\gmake" -k -j 8 all -O 
 
Building file: "../lab1_main.c"
Invoking: Arm Compiler
"C:/ti/ccs1200/ccs/tools/compiler/ti-cgt-arm_20.2.6.LTS/bin/armcl" -mv7M4 --code_state=16 --float_support=FPv4SPD16 -me --include_path="C:/Users/jhubk2/Desktop/Lab 1/Lab1" --include_path="C:/ti/ccs1200/ccs/tools/compiler/ti-cgt-arm_20.2.6.LTS/include" --define=ccs="ccs" --define=PART_TM4C123GH6PM -g --gcc --diag_warning=225 --diag_wrap=off --display_error_number --abi=eabi --preproc_with_compile --preproc_dependency="lab1_main.d_raw"  "../lab1_main.c"
 
>> Compilation failure
subdir_rules.mk:9: recipe for target 'lab1_main.obj' failed
"../lab1_main.c", line 12: fatal error #1965: cannot open source file "launchpad.h"
1 catastrophic error detected in the compilation of "../lab1_main.c".
Compilation terminated.
gmake: *** [lab1_main.obj] Error 1
gmake: Target 'all' not remade because of errors.

**** Build Finished ****

**** Build of configuration Debug for project Lab1 ****

"C:\\ti\\ccs1200\\ccs\\utils\\bin\\gmake" -k -j 8 all -O 
 
Building file: "../lab1_main.c"
Invoking: Arm Compiler
"C:/ti/ccs1200/ccs/tools/compiler/ti-cgt-arm_20.2.6.LTS/bin/armcl" -mv7M4 --code_state=16 --float_support=FPv4SPD16 -me --include_path="C:/Users/jhubk2/Desktop/Lab 1/Lab1" --include_path="C:/ti/ccs1200/ccs/tools/compiler/ti-cgt-arm_20.2.6.LTS/include" --define=ccs="ccs" --define=PART_TM4C123GH6PM -g --gcc --diag_warning=225 --diag_wrap=off --display_error_number --abi=eabi --preproc_with_compile --preproc_dependency="lab1_main.d_raw"  "../lab1_main.c"
 
>> Compilation failure
subdir_rules.mk:9: recipe for target 'lab1_main.obj' failed
"../lab1_main.c", line 12: fatal error #1965: cannot open source file "launchpad.h"
1 catastrophic error detected in the compilation of "../lab1_main.c".
Compilation terminated.
gmake: *** [lab1_main.obj] Error 1
Building file: "../tm4c123gh6pm_startup_ccs.c"
Invoking: Arm Compiler
"C:/ti/ccs1200/ccs/tools/compiler/ti-cgt-arm_20.2.6.LTS/bin/armcl" -mv7M4 --code_state=16 --float_support=FPv4SPD16 -me --include_path="C:/Users/jhubk2/Desktop/Lab 1/Lab1" --include_path="C:/ti/ccs1200/ccs/tools/compiler/ti-cgt-arm_20.2.6.LTS/include" --define=ccs="ccs" --define=PART_TM4C123GH6PM -g --gcc --diag_warning=225 --diag_wrap=off --display_error_number --abi=eabi --preproc_with_compile --preproc_dependency="tm4c123gh6pm_startup_ccs.d_raw"  "../tm4c123gh6pm_startup_ccs.c"
Finished building: "../tm4c123gh6pm_startup_ccs.c"
 
gmake: Target 'all' not remade because of errors.

**** Build Finished ****

**** Build of configuration Debug for project Lab1 ****

"C:\\ti\\ccs1200\\ccs\\utils\\bin\\gmake" -k -j 8 all -O 
 
Building file: "../main.c"
Invoking: Arm Compiler
"C:/ti/ccs1200/ccs/tools/compiler/ti-cgt-arm_20.2.6.LTS/bin/armcl" -mv7M4 --code_state=16 --float_support=FPv4SPD16 -me --include_path="C:/Users/jhubk2/Desktop/Lab 1/Lab1" --include_path="C:/ti/TivaWare_C_Series-2.2.0.295" --include_path="C:/Users/jhubk2/Desktop/Util" --include_path="C:/ti/ccs1200/ccs/tools/compiler/ti-cgt-arm_20.2.6.LTS/include" --define=ccs="ccs" --define=PART_TM4C123GH6PM -g --gcc --diag_warning=225 --diag_wrap=off --display_error_number --abi=eabi --preproc_with_compile --preproc_dependency="main.d_raw"  "../main.c"
 
>> Compilation failure
subdir_rules.mk:9: recipe for target 'main.obj' failed
"../main.c", line 12: fatal error #1965: cannot open source file "launchpad.h"
1 catastrophic error detected in the compilation of "../main.c".
Compilation terminated.
gmake: *** [main.obj] Error 1
Building file: "../tm4c123gh6pm_startup_ccs.c"
Invoking: Arm Compiler
"C:/ti/ccs1200/ccs/tools/compiler/ti-cgt-arm_20.2.6.LTS/bin/armcl" -mv7M4 --code_state=16 --float_support=FPv4SPD16 -me --include_path="C:/Users/jhubk2/Desktop/Lab 1/Lab1" --include_path="C:/ti/TivaWare_C_Series-2.2.0.295" --include_path="C:/Users/jhubk2/Desktop/Util" --include_path="C:/ti/ccs1200/ccs/tools/compiler/ti-cgt-arm_20.2.6.LTS/include" --define=ccs="ccs" --define=PART_TM4C123GH6PM -g --gcc --diag_warning=225 --diag_wrap=off --display_error_number --abi=eabi --preproc_with_compile --preproc_dependency="tm4c123gh6pm_startup_ccs.d_raw"  "../tm4c123gh6pm_startup_ccs.c"
Finished building: "../tm4c123gh6pm_startup_ccs.c"
 
gmake: Target 'all' not remade because of errors.

**** Build Finished ****

**** Clean-only build of configuration Debug for project Lab1 ****

"C:\\ti\\ccs1200\\ccs\\utils\\bin\\gmake" -k -j 8 clean -O 
 
DEL /F  "Lab1.hex"  "Lab1.out" 
DEL /F "main.obj" "tm4c123gh6pm_startup_ccs.obj" 
DEL /F "main.d" "tm4c123gh6pm_startup_ccs.d" 
Could Not Find C:\Users\jhubk2\Desktop\Lab 1\Lab1\Debug\Lab1.hex
Finished clean
 

**** Build Finished ****

**** Clean-only build of configuration Debug for project Util ****

"C:\\ti\\ccs1200\\ccs\\utils\\bin\\gmake" -k -j 8 clean -O 
 
DEL /F  "Util.lib" 
DEL /F "Util\launchpad.obj" "Util\led.obj" "Util\pushbutton.obj" "Util\uart.obj" 
DEL /F "Util\launchpad.d" "Util\led.d" "Util\pushbutton.d" "Util\uart.d" 
Finished clean
 

**** Build Finished ****

**** Build of configuration Debug for project Util ****

"C:\\ti\\ccs1200\\ccs\\utils\\bin\\gmake" -k -j 8 all -O 
 
Building file: "../Util/led.c"
Invoking: Arm Compiler
"C:/ti/ccs1200/ccs/tools/compiler/ti-cgt-arm_20.2.6.LTS/bin/armcl" -mv7M4 --code_state=16 --float_support=FPv4SPD16 -me --include_path="C:/ti/TivaWare_C_Series-2.2.0.295" --include_path="C:/Users/jhubk2/Desktop/Util" --include_path="C:/ti/ccs1200/ccs/tools/compiler/ti-cgt-arm_20.2.6.LTS/include" --define=ccs="ccs" --define=PART_TM4C123GH6PM -g --gcc --diag_warning=225 --diag_wrap=off --display_error_number --abi=eabi --preproc_with_compile --preproc_dependency="Util/led.d_raw" --obj_directory="Util"  "../Util/led.c"
Finished building: "../Util/led.c"
 
Building file: "../Util/pushbutton.c"
Invoking: Arm Compiler
"C:/ti/ccs1200/ccs/tools/compiler/ti-cgt-arm_20.2.6.LTS/bin/armcl" -mv7M4 --code_state=16 --float_support=FPv4SPD16 -me --include_path="C:/ti/TivaWare_C_Series-2.2.0.295" --include_path="C:/Users/jhubk2/Desktop/Util" --include_path="C:/ti/ccs1200/ccs/tools/compiler/ti-cgt-arm_20.2.6.LTS/include" --define=ccs="ccs" --define=PART_TM4C123GH6PM -g --gcc --diag_warning=225 --diag_wrap=off --display_error_number --abi=eabi --preproc_with_compile --preproc_dependency="Util/pushbutton.d_raw" --obj_directory="Util"  "../Util/pushbutton.c"
Finished building: "../Util/pushbutton.c"
 
Building file: "../Util/uart.c"
Invoking: Arm Compiler
"C:/ti/ccs1200/ccs/tools/compiler/ti-cgt-arm_20.2.6.LTS/bin/armcl" -mv7M4 --code_state=16 --float_support=FPv4SPD16 -me --include_path="C:/ti/TivaWare_C_Series-2.2.0.295" --include_path="C:/Users/jhubk2/Desktop/Util" --include_path="C:/ti/ccs1200/ccs/tools/compiler/ti-cgt-arm_20.2.6.LTS/include" --define=ccs="ccs" --define=PART_TM4C123GH6PM -g --gcc --diag_warning=225 --diag_wrap=off --display_error_number --abi=eabi --preproc_with_compile --preproc_dependency="Util/uart.d_raw" --obj_directory="Util"  "../Util/uart.c"
Finished building: "../Util/uart.c"
 
Building file: "../Util/launchpad.c"
Invoking: Arm Compiler
"C:/ti/ccs1200/ccs/tools/compiler/ti-cgt-arm_20.2.6.LTS/bin/armcl" -mv7M4 --code_state=16 --float_support=FPv4SPD16 -me --include_path="C:/ti/TivaWare_C_Series-2.2.0.295" --include_path="C:/Users/jhubk2/Desktop/Util" --include_path="C:/ti/ccs1200/ccs/tools/compiler/ti-cgt-arm_20.2.6.LTS/include" --define=ccs="ccs" --define=PART_TM4C123GH6PM -g --gcc --diag_warning=225 --diag_wrap=off --display_error_number --abi=eabi --preproc_with_compile --preproc_dependency="Util/launchpad.d_raw" --obj_directory="Util"  "../Util/launchpad.c"
Finished building: "../Util/launchpad.c"
 
Building target: "Util.lib"
Invoking: Arm Archiver
"C:/ti/ccs1200/ccs/tools/compiler/ti-cgt-arm_20.2.6.LTS/bin/armar" r "Util.lib" "./Util/launchpad.obj" "./Util/led.obj" "./Util/pushbutton.obj" "./Util/uart.obj" 
  ==>  new archive 'Util.lib'
  ==>  building archive 'Util.lib'
Finished building target: "Util.lib"
 

**** Build Finished ****

**** Build of configuration Debug for project Lab1 ****

"C:\\ti\\ccs1200\\ccs\\utils\\bin\\gmake" -k -j 8 all -O 
 
Building file: "../main.c"
Invoking: Arm Compiler
"C:/ti/ccs1200/ccs/tools/compiler/ti-cgt-arm_20.2.6.LTS/bin/armcl" -mv7M4 --code_state=16 --float_support=FPv4SPD16 -me --include_path="C:/Users/jhubk2/Desktop/Lab 1/Lab1" --include_path="C:/ti/TivaWare_C_Series-2.2.0.295" --include_path="C:/Users/jhubk2/Desktop/Util" --include_path="C:/ti/ccs1200/ccs/tools/compiler/ti-cgt-arm_20.2.6.LTS/include" --define=ccs="ccs" --define=PART_TM4C123GH6PM -g --gcc --diag_warning=225 --diag_wrap=off --display_error_number --abi=eabi --preproc_with_compile --preproc_dependency="main.d_raw"  "../main.c"
 
>> Compilation failure
subdir_rules.mk:9: recipe for target 'main.obj' failed
"../main.c", line 12: fatal error #1965: cannot open source file "launchpad.h"
1 catastrophic error detected in the compilation of "../main.c".
Compilation terminated.
gmake: *** [main.obj] Error 1
Building file: "../tm4c123gh6pm_startup_ccs.c"
Invoking: Arm Compiler
"C:/ti/ccs1200/ccs/tools/compiler/ti-cgt-arm_20.2.6.LTS/bin/armcl" -mv7M4 --code_state=16 --float_support=FPv4SPD16 -me --include_path="C:/Users/jhubk2/Desktop/Lab 1/Lab1" --include_path="C:/ti/TivaWare_C_Series-2.2.0.295" --include_path="C:/Users/jhubk2/Desktop/Util" --include_path="C:/ti/ccs1200/ccs/tools/compiler/ti-cgt-arm_20.2.6.LTS/include" --define=ccs="ccs" --define=PART_TM4C123GH6PM -g --gcc --diag_warning=225 --diag_wrap=off --display_error_number --abi=eabi --preproc_with_compile --preproc_dependency="tm4c123gh6pm_startup_ccs.d_raw"  "../tm4c123gh6pm_startup_ccs.c"
Finished building: "../tm4c123gh6pm_startup_ccs.c"
 
gmake: Target 'all' not remade because of errors.

**** Build Finished ****

**** Build of configuration Debug for project Util ****

"C:\\ti\\ccs1200\\ccs\\utils\\bin\\gmake" -k -j 8 all -O 
 
Building file: "../Util/led.c"
Invoking: Arm Compiler
"C:/ti/ccs1200/ccs/tools/compiler/ti-cgt-arm_20.2.6.LTS/bin/armcl" -mv7M4 --code_state=16 --float_support=FPv4SPD16 -me --include_path="C:/Users/jhubk2/Desktop/Util" --include_path="C:/ti/TivaWare_C_Series-2.2.0.295" --include_path="C:/ti/ccs1200/ccs/tools/compiler/ti-cgt-arm_20.2.6.LTS/include" --define=ccs="ccs" --define=PART_TM4C123GH6PM -g --gcc --diag_warning=225 --diag_wrap=off --display_error_number --abi=eabi --preproc_with_compile --preproc_dependency="Util/led.d_raw" --obj_directory="Util"  "../Util/led.c"
Finished building: "../Util/led.c"
 
Building file: "../Util/pushbutton.c"
Invoking: Arm Compiler
"C:/ti/ccs1200/ccs/tools/compiler/ti-cgt-arm_20.2.6.LTS/bin/armcl" -mv7M4 --code_state=16 --float_support=FPv4SPD16 -me --include_path="C:/Users/jhubk2/Desktop/Util" --include_path="C:/ti/TivaWare_C_Series-2.2.0.295" --include_path="C:/ti/ccs1200/ccs/tools/compiler/ti-cgt-arm_20.2.6.LTS/include" --define=ccs="ccs" --define=PART_TM4C123GH6PM -g --gcc --diag_warning=225 --diag_wrap=off --display_error_number --abi=eabi --preproc_with_compile --preproc_dependency="Util/pushbutton.d_raw" --obj_directory="Util"  "../Util/pushbutton.c"
Finished building: "../Util/pushbutton.c"
 
Building file: "../Util/uart.c"
Invoking: Arm Compiler
"C:/ti/ccs1200/ccs/tools/compiler/ti-cgt-arm_20.2.6.LTS/bin/armcl" -mv7M4 --code_state=16 --float_support=FPv4SPD16 -me --include_path="C:/Users/jhubk2/Desktop/Util" --include_path="C:/ti/TivaWare_C_Series-2.2.0.295" --include_path="C:/ti/ccs1200/ccs/tools/compiler/ti-cgt-arm_20.2.6.LTS/include" --define=ccs="ccs" --define=PART_TM4C123GH6PM -g --gcc --diag_warning=225 --diag_wrap=off --display_error_number --abi=eabi --preproc_with_compile --preproc_dependency="Util/uart.d_raw" --obj_directory="Util"  "../Util/uart.c"
Finished building: "../Util/uart.c"
 
Building file: "../Util/launchpad.c"
Invoking: Arm Compiler
"C:/ti/ccs1200/ccs/tools/compiler/ti-cgt-arm_20.2.6.LTS/bin/armcl" -mv7M4 --code_state=16 --float_support=FPv4SPD16 -me --include_path="C:/Users/jhubk2/Desktop/Util" --include_path="C:/ti/TivaWare_C_Series-2.2.0.295" --include_path="C:/ti/ccs1200/ccs/tools/compiler/ti-cgt-arm_20.2.6.LTS/include" --define=ccs="ccs" --define=PART_TM4C123GH6PM -g --gcc --diag_warning=225 --diag_wrap=off --display_error_number --abi=eabi --preproc_with_compile --preproc_dependency="Util/launchpad.d_raw" --obj_directory="Util"  "../Util/launchpad.c"
Finished building: "../Util/launchpad.c"
 
Building target: "Util.lib"
Invoking: Arm Archiver
"C:/ti/ccs1200/ccs/tools/compiler/ti-cgt-arm_20.2.6.LTS/bin/armar" r "Util.lib" "./Util/launchpad.obj" "./Util/led.obj" "./Util/pushbutton.obj" "./Util/uart.obj" 
  ==>  new archive 'Util.lib'
  ==>  building archive 'Util.lib'
Finished building target: "Util.lib"
 

**** Build Finished ****

**** Build of configuration Debug for project Lab1 ****

"C:\\ti\\ccs1200\\ccs\\utils\\bin\\gmake" -k -j 8 all -O 
 
Building file: "../main.c"
Invoking: Arm Compiler
"C:/ti/ccs1200/ccs/tools/compiler/ti-cgt-arm_20.2.6.LTS/bin/armcl" -mv7M4 --code_state=16 --float_support=FPv4SPD16 -me --include_path="C:/Users/jhubk2/Desktop/Lab 1/Lab1" --include_path="C:/ti/TivaWare_C_Series-2.2.0.295" --include_path="C:/Users/jhubk2/Desktop/Util" --include_path="C:/ti/ccs1200/ccs/tools/compiler/ti-cgt-arm_20.2.6.LTS/include" --define=ccs="ccs" --define=PART_TM4C123GH6PM -g --gcc --diag_warning=225 --diag_wrap=off --display_error_number --abi=eabi --preproc_with_compile --preproc_dependency="main.d_raw"  "../main.c"
 
>> Compilation failure
subdir_rules.mk:9: recipe for target 'main.obj' failed
"../main.c", line 12: fatal error #1965: cannot open source file "launchpad.h"
1 catastrophic error detected in the compilation of "../main.c".
Compilation terminated.
gmake: *** [main.obj] Error 1
gmake: Target 'all' not remade because of errors.

**** Build Finished ****

**** Clean-only build of configuration Debug for project Util ****

"C:\\ti\\ccs1200\\ccs\\utils\\bin\\gmake" -k -j 8 clean -O 
 
DEL /F  "Util.lib" 
DEL /F "Util\launchpad.obj" "Util\led.obj" "Util\pushbutton.obj" "Util\uart.obj" 
DEL /F "Util\launchpad.d" "Util\led.d" "Util\pushbutton.d" "Util\uart.d" 
Finished clean
 

**** Build Finished ****

**** Build of configuration Debug for project Util ****

"C:\\ti\\ccs1200\\ccs\\utils\\bin\\gmake" -k -j 8 all -O 
 
Building file: "../led.c"
Invoking: Arm Compiler
"C:/ti/ccs1200/ccs/tools/compiler/ti-cgt-arm_20.2.6.LTS/bin/armcl" -mv7M4 --code_state=16 --float_support=FPv4SPD16 -me --include_path="C:/Users/jhubk2/Desktop/Util" --include_path="C:/ti/TivaWare_C_Series-2.2.0.295" --include_path="C:/ti/ccs1200/ccs/tools/compiler/ti-cgt-arm_20.2.6.LTS/include" --define=ccs="ccs" --define=PART_TM4C123GH6PM -g --gcc --diag_warning=225 --diag_wrap=off --display_error_number --abi=eabi --preproc_with_compile --preproc_dependency="led.d_raw"  "../led.c"
Finished building: "../led.c"
 
Building file: "../uart.c"
Invoking: Arm Compiler
"C:/ti/ccs1200/ccs/tools/compiler/ti-cgt-arm_20.2.6.LTS/bin/armcl" -mv7M4 --code_state=16 --float_support=FPv4SPD16 -me --include_path="C:/Users/jhubk2/Desktop/Util" --include_path="C:/ti/TivaWare_C_Series-2.2.0.295" --include_path="C:/ti/ccs1200/ccs/tools/compiler/ti-cgt-arm_20.2.6.LTS/include" --define=ccs="ccs" --define=PART_TM4C123GH6PM -g --gcc --diag_warning=225 --diag_wrap=off --display_error_number --abi=eabi --preproc_with_compile --preproc_dependency="uart.d_raw"  "../uart.c"
Finished building: "../uart.c"
 
Building file: "../launchpad.c"
Invoking: Arm Compiler
"C:/ti/ccs1200/ccs/tools/compiler/ti-cgt-arm_20.2.6.LTS/bin/armcl" -mv7M4 --code_state=16 --float_support=FPv4SPD16 -me --include_path="C:/Users/jhubk2/Desktop/Util" --include_path="C:/ti/TivaWare_C_Series-2.2.0.295" --include_path="C:/ti/ccs1200/ccs/tools/compiler/ti-cgt-arm_20.2.6.LTS/include" --define=ccs="ccs" --define=PART_TM4C123GH6PM -g --gcc --diag_warning=225 --diag_wrap=off --display_error_number --abi=eabi --preproc_with_compile --preproc_dependency="launchpad.d_raw"  "../launchpad.c"
Finished building: "../launchpad.c"
 
Building file: "../pushbutton.c"
Invoking: Arm Compiler
"C:/ti/ccs1200/ccs/tools/compiler/ti-cgt-arm_20.2.6.LTS/bin/armcl" -mv7M4 --code_state=16 --float_support=FPv4SPD16 -me --include_path="C:/Users/jhubk2/Desktop/Util" --include_path="C:/ti/TivaWare_C_Series-2.2.0.295" --include_path="C:/ti/ccs1200/ccs/tools/compiler/ti-cgt-arm_20.2.6.LTS/include" --define=ccs="ccs" --define=PART_TM4C123GH6PM -g --gcc --diag_warning=225 --diag_wrap=off --display_error_number --abi=eabi --preproc_with_compile --preproc_dependency="pushbutton.d_raw"  "../pushbutton.c"
Finished building: "../pushbutton.c"
 
Building target: "Util.lib"
Invoking: Arm Archiver
"C:/ti/ccs1200/ccs/tools/compiler/ti-cgt-arm_20.2.6.LTS/bin/armar" r "Util.lib" "./launchpad.obj" "./led.obj" "./pushbutton.obj" "./uart.obj" 
  ==>  new archive 'Util.lib'
  ==>  building archive 'Util.lib'
Finished building target: "Util.lib"
 

**** Build Finished ****

**** Clean-only build of configuration Debug for project Lab1 ****

"C:\\ti\\ccs1200\\ccs\\utils\\bin\\gmake" -k -j 8 clean -O 
 
DEL /F  "Lab1.hex"  "Lab1.out" 
DEL /F "main.obj" "tm4c123gh6pm_startup_ccs.obj" 
DEL /F "main.d" "tm4c123gh6pm_startup_ccs.d" 
Could Not Find C:\Users\jhubk2\Desktop\Lab 1\Lab1\Debug\Lab1.hex
Finished clean
 

**** Build Finished ****

**** Build of configuration Debug for project Lab1 ****

"C:\\ti\\ccs1200\\ccs\\utils\\bin\\gmake" -k -j 8 all -O 
 
Building file: "../tm4c123gh6pm_startup_ccs.c"
Invoking: Arm Compiler
"C:/ti/ccs1200/ccs/tools/compiler/ti-cgt-arm_20.2.6.LTS/bin/armcl" -mv7M4 --code_state=16 --float_support=FPv4SPD16 -me --include_path="C:/Users/jhubk2/Desktop/Lab 1/Lab1" --include_path="C:/ti/TivaWare_C_Series-2.2.0.295" --include_path="C:/Users/jhubk2/Desktop/Util" --include_path="C:/ti/ccs1200/ccs/tools/compiler/ti-cgt-arm_20.2.6.LTS/include" --define=ccs="ccs" --define=PART_TM4C123GH6PM -g --gcc --diag_warning=225 --diag_wrap=off --display_error_number --abi=eabi --preproc_with_compile --preproc_dependency="tm4c123gh6pm_startup_ccs.d_raw"  "../tm4c123gh6pm_startup_ccs.c"
Finished building: "../tm4c123gh6pm_startup_ccs.c"
 
Building file: "../main.c"
Invoking: Arm Compiler
"C:/ti/ccs1200/ccs/tools/compiler/ti-cgt-arm_20.2.6.LTS/bin/armcl" -mv7M4 --code_state=16 --float_support=FPv4SPD16 -me --include_path="C:/Users/jhubk2/Desktop/Lab 1/Lab1" --include_path="C:/ti/TivaWare_C_Series-2.2.0.295" --include_path="C:/Users/jhubk2/Desktop/Util" --include_path="C:/ti/ccs1200/ccs/tools/compiler/ti-cgt-arm_20.2.6.LTS/include" --define=ccs="ccs" --define=PART_TM4C123GH6PM -g --gcc --diag_warning=225 --diag_wrap=off --display_error_number --abi=eabi --preproc_with_compile --preproc_dependency="main.d_raw"  "../main.c"
"../main.c", line 135: warning #1-D: last line of file ends without a newline
Finished building: "../main.c"
 
Building target: "Lab1.out"
Invoking: Arm Linker
"C:/ti/ccs1200/ccs/tools/compiler/ti-cgt-arm_20.2.6.LTS/bin/armcl" -mv7M4 --code_state=16 --float_support=FPv4SPD16 -me --define=ccs="ccs" --define=PART_TM4C123GH6PM -g --gcc --diag_warning=225 --diag_wrap=off --display_error_number --abi=eabi -z -m"Lab1.map" --heap_size=2048 --stack_size=1024 -i"C:/ti/ccs1200/ccs/tools/compiler/ti-cgt-arm_20.2.6.LTS/lib" -i"C:/ti/ccs1200/ccs/tools/compiler/ti-cgt-arm_20.2.6.LTS/include" --reread_libs --diag_wrap=off --display_error_number --warn_sections --xml_link_info="Lab1_linkInfo.xml" --rom_model -o "Lab1.out" "./main.obj" "./tm4c123gh6pm_startup_ccs.obj" "../tm4c123gh6pm.cmd"  -llibc.a -l"C:/ti/TivaWare_C_Series-2.2.0.295/driverlib/ccs/Debug/driverlib.lib" -l"C:/Users/jhubk2/Desktop/Util/Debug/Util.lib" 
<Linking>
Finished building target: "Lab1.out"
 

**** Build Finished ****

**** Build of configuration Debug for project Lab1 ****

"C:\\ti\\ccs1200\\ccs\\utils\\bin\\gmake" -k -j 8 all -O 
 
gmake[1]: 'Lab1.out' is up to date.

**** Build Finished ****

**** Build of configuration Debug for project Lab1 ****

"C:\\ti\\ccs1200\\ccs\\utils\\bin\\gmake" -k -j 8 all -O 
 
gmake[1]: 'Lab1.out' is up to date.

**** Build Finished ****

**** Build of configuration Debug for project Lab1 ****

"C:\\ti\\ccs1200\\ccs\\utils\\bin\\gmake" -k -j 8 all -O 
 
gmake[1]: 'Lab1.out' is up to date.

**** Build Finished ****

**** Build of configuration Debug for project Lab1 ****

"C:\\ti\\ccs1200\\ccs\\utils\\bin\\gmake" -k -j 8 all -O 
 
gmake[1]: 'Lab1.out' is up to date.

**** Build Finished ****

**** Build of configuration Debug for project Lab1 ****

"C:\\ti\\ccs1200\\ccs\\utils\\bin\\gmake" -k -j 8 all -O 
 
gmake[1]: 'Lab1.out' is up to date.

**** Build Finished ****

**** Build of configuration Debug for project Lab1 ****

"C:\\ti\\ccs1200\\ccs\\utils\\bin\\gmake" -k -j 8 all -O 
 
Building file: "../main.c"
Invoking: Arm Compiler
"C:/ti/ccs1200/ccs/tools/compiler/ti-cgt-arm_20.2.6.LTS/bin/armcl" -mv7M4 --code_state=16 --float_support=FPv4SPD16 -me --include_path="C:/Users/jhubk2/Desktop/Lab 1/Lab1" --include_path="C:/ti/TivaWare_C_Series-2.2.0.295" --include_path="C:/Users/jhubk2/Desktop/Util" --include_path="C:/ti/ccs1200/ccs/tools/compiler/ti-cgt-arm_20.2.6.LTS/include" --define=ccs="ccs" --define=PART_TM4C123GH6PM -g --gcc --diag_warning=225 --diag_wrap=off --display_error_number --abi=eabi --preproc_with_compile --preproc_dependency="main.d_raw"  "../main.c"
Finished building: "../main.c"
 
Building target: "Lab1.out"
Invoking: Arm Linker
"C:/ti/ccs1200/ccs/tools/compiler/ti-cgt-arm_20.2.6.LTS/bin/armcl" -mv7M4 --code_state=16 --float_support=FPv4SPD16 -me --define=ccs="ccs" --define=PART_TM4C123GH6PM -g --gcc --diag_warning=225 --diag_wrap=off --display_error_number --abi=eabi -z -m"Lab1.map" --heap_size=2048 --stack_size=1024 -i"C:/ti/ccs1200/ccs/tools/compiler/ti-cgt-arm_20.2.6.LTS/lib" -i"C:/ti/ccs1200/ccs/tools/compiler/ti-cgt-arm_20.2.6.LTS/include" --reread_libs --diag_wrap=off --display_error_number --warn_sections --xml_link_info="Lab1_linkInfo.xml" --rom_model -o "Lab1.out" "./main.obj" "./tm4c123gh6pm_startup_ccs.obj" "../tm4c123gh6pm.cmd"  -llibc.a -l"C:/ti/TivaWare_C_Series-2.2.0.295/driverlib/ccs/Debug/driverlib.lib" -l"C:/Users/jhubk2/Desktop/Util/Debug/Util.lib" 
<Linking>
Finished building target: "Lab1.out"
 

**** Build Finished ****

**** Build of configuration Debug for project Lab1 ****

"C:\\ti\\ccs1200\\ccs\\utils\\bin\\gmake" -k -j 8 all -O 
 
gmake[1]: 'Lab1.out' is up to date.

**** Build Finished ****

**** Build of configuration Debug for project Lab1 ****

"C:\\ti\\ccs1200\\ccs\\utils\\bin\\gmake" -k -j 8 all -O 
 
Building file: "../main.c"
Invoking: Arm Compiler
"C:/ti/ccs1200/ccs/tools/compiler/ti-cgt-arm_20.2.6.LTS/bin/armcl" -mv7M4 --code_state=16 --float_support=FPv4SPD16 -me --include_path="C:/Users/jhubk2/Desktop/Lab 1/Lab1" --include_path="C:/ti/TivaWare_C_Series-2.2.0.295" --include_path="C:/Users/jhubk2/Desktop/Util" --include_path="C:/ti/ccs1200/ccs/tools/compiler/ti-cgt-arm_20.2.6.LTS/include" --define=ccs="ccs" --define=PART_TM4C123GH6PM -g --gcc --diag_warning=225 --diag_wrap=off --display_error_number --abi=eabi --preproc_with_compile --preproc_dependency="main.d_raw"  "../main.c"
Finished building: "../main.c"
 
Building target: "Lab1.out"
Invoking: Arm Linker
"C:/ti/ccs1200/ccs/tools/compiler/ti-cgt-arm_20.2.6.LTS/bin/armcl" -mv7M4 --code_state=16 --float_support=FPv4SPD16 -me --define=ccs="ccs" --define=PART_TM4C123GH6PM -g --gcc --diag_warning=225 --diag_wrap=off --display_error_number --abi=eabi -z -m"Lab1.map" --heap_size=2048 --stack_size=1024 -i"C:/ti/ccs1200/ccs/tools/compiler/ti-cgt-arm_20.2.6.LTS/lib" -i"C:/ti/ccs1200/ccs/tools/compiler/ti-cgt-arm_20.2.6.LTS/include" --reread_libs --diag_wrap=off --display_error_number --warn_sections --xml_link_info="Lab1_linkInfo.xml" --rom_model -o "Lab1.out" "./main.obj" "./tm4c123gh6pm_startup_ccs.obj" "../tm4c123gh6pm.cmd"  -llibc.a -l"C:/ti/TivaWare_C_Series-2.2.0.295/driverlib/ccs/Debug/driverlib.lib" -l"C:/Users/jhubk2/Desktop/Util/Debug/Util.lib" 
<Linking>
Finished building target: "Lab1.out"
 

**** Build Finished ****

**** Build of configuration Debug for project Lab1 ****

"C:\\ti\\ccs1200\\ccs\\utils\\bin\\gmake" -k -j 8 all -O 
 
Building file: "../main.c"
Invoking: Arm Compiler
"C:/ti/ccs1200/ccs/tools/compiler/ti-cgt-arm_20.2.6.LTS/bin/armcl" -mv7M4 --code_state=16 --float_support=FPv4SPD16 -me --include_path="C:/Users/jhubk2/Desktop/Lab 1/Lab1" --include_path="C:/ti/TivaWare_C_Series-2.2.0.295" --include_path="C:/Users/jhubk2/Desktop/Util" --include_path="C:/ti/ccs1200/ccs/tools/compiler/ti-cgt-arm_20.2.6.LTS/include" --define=ccs="ccs" --define=PART_TM4C123GH6PM -g --gcc --diag_warning=225 --diag_wrap=off --display_error_number --abi=eabi --preproc_with_compile --preproc_dependency="main.d_raw"  "../main.c"
 
>> Compilation failure
subdir_rules.mk:9: recipe for target 'main.obj' failed
"../main.c", line 56: error #20: identifier "led_colors" is undefined
1 error detected in the compilation of "../main.c".
gmake: *** [main.obj] Error 1
gmake: Target 'all' not remade because of errors.

**** Build Finished ****

**** Build of configuration Debug for project Lab1 ****

"C:\\ti\\ccs1200\\ccs\\utils\\bin\\gmake" -k -j 8 all -O 
 
Building file: "../main.c"
Invoking: Arm Compiler
"C:/ti/ccs1200/ccs/tools/compiler/ti-cgt-arm_20.2.6.LTS/bin/armcl" -mv7M4 --code_state=16 --float_support=FPv4SPD16 -me --include_path="C:/Users/jhubk2/Desktop/Lab 1/Lab1" --include_path="C:/ti/TivaWare_C_Series-2.2.0.295" --include_path="C:/Users/jhubk2/Desktop/Util" --include_path="C:/ti/ccs1200/ccs/tools/compiler/ti-cgt-arm_20.2.6.LTS/include" --define=ccs="ccs" --define=PART_TM4C123GH6PM -g --gcc --diag_warning=225 --diag_wrap=off --display_error_number --abi=eabi --preproc_with_compile --preproc_dependency="main.d_raw"  "../main.c"
 
>> Compilation failure
subdir_rules.mk:9: recipe for target 'main.obj' failed
"../main.c", line 56: error #20: identifier "led_colors" is undefined
1 error detected in the compilation of "../main.c".
gmake: *** [main.obj] Error 1
gmake: Target 'all' not remade because of errors.

**** Build Finished ****

**** Build of configuration Debug for project Lab1 ****

"C:\\ti\\ccs1200\\ccs\\utils\\bin\\gmake" -k -j 8 all -O 
 
Building file: "../main.c"
Invoking: Arm Compiler
"C:/ti/ccs1200/ccs/tools/compiler/ti-cgt-arm_20.2.6.LTS/bin/armcl" -mv7M4 --code_state=16 --float_support=FPv4SPD16 -me --include_path="C:/Users/jhubk2/Desktop/Lab 1/Lab1" --include_path="C:/ti/TivaWare_C_Series-2.2.0.295" --include_path="C:/Users/jhubk2/Desktop/Util" --include_path="C:/ti/ccs1200/ccs/tools/compiler/ti-cgt-arm_20.2.6.LTS/include" --define=ccs="ccs" --define=PART_TM4C123GH6PM -g --gcc --diag_warning=225 --diag_wrap=off --display_error_number --abi=eabi --preproc_with_compile --preproc_dependency="main.d_raw"  "../main.c"
 
>> Compilation failure
subdir_rules.mk:9: recipe for target 'main.obj' failed
"../main.c", line 56: error #20: identifier "led_colors" is undefined
1 error detected in the compilation of "../main.c".
gmake: *** [main.obj] Error 1
gmake: Target 'all' not remade because of errors.

**** Build Finished ****

**** Clean-only build of configuration Debug for project Lab1 ****

"C:\\ti\\ccs1200\\ccs\\utils\\bin\\gmake" -k -j 8 clean -O 
 
DEL /F  "Lab1.hex"  "Lab1.out" 
DEL /F "main.obj" "tm4c123gh6pm_startup_ccs.obj" 
DEL /F "main.d" "tm4c123gh6pm_startup_ccs.d" 
Could Not Find C:\Users\jhubk2\Desktop\Lab 1\Lab1\Debug\Lab1.hex
Finished clean
 

**** Build Finished ****

**** Build of configuration Debug for project Lab1 ****

"C:\\ti\\ccs1200\\ccs\\utils\\bin\\gmake" -k -j 8 all -O 
 
Building file: "../main.c"
Invoking: Arm Compiler
"C:/ti/ccs1200/ccs/tools/compiler/ti-cgt-arm_20.2.6.LTS/bin/armcl" -mv7M4 --code_state=16 --float_support=FPv4SPD16 -me --include_path="C:/Users/jhubk2/Desktop/Lab 1/Lab1" --include_path="C:/ti/TivaWare_C_Series-2.2.0.295" --include_path="C:/Users/jhubk2/Desktop/Util" --include_path="C:/ti/ccs1200/ccs/tools/compiler/ti-cgt-arm_20.2.6.LTS/include" --define=ccs="ccs" --define=PART_TM4C123GH6PM -g --gcc --diag_warning=225 --diag_wrap=off --display_error_number --abi=eabi --preproc_with_compile --preproc_dependency="main.d_raw"  "../main.c"
 
>> Compilation failure
subdir_rules.mk:9: recipe for target 'main.obj' failed
"../main.c", line 56: error #20: identifier "led_colors" is undefined
1 error detected in the compilation of "../main.c".
gmake: *** [main.obj] Error 1
Building file: "../tm4c123gh6pm_startup_ccs.c"
Invoking: Arm Compiler
"C:/ti/ccs1200/ccs/tools/compiler/ti-cgt-arm_20.2.6.LTS/bin/armcl" -mv7M4 --code_state=16 --float_support=FPv4SPD16 -me --include_path="C:/Users/jhubk2/Desktop/Lab 1/Lab1" --include_path="C:/ti/TivaWare_C_Series-2.2.0.295" --include_path="C:/Users/jhubk2/Desktop/Util" --include_path="C:/ti/ccs1200/ccs/tools/compiler/ti-cgt-arm_20.2.6.LTS/include" --define=ccs="ccs" --define=PART_TM4C123GH6PM -g --gcc --diag_warning=225 --diag_wrap=off --display_error_number --abi=eabi --preproc_with_compile --preproc_dependency="tm4c123gh6pm_startup_ccs.d_raw"  "../tm4c123gh6pm_startup_ccs.c"
Finished building: "../tm4c123gh6pm_startup_ccs.c"
 
gmake: Target 'all' not remade because of errors.

**** Build Finished ****

**** Clean-only build of configuration Debug for project Lab1 ****

"C:\\ti\\ccs1200\\ccs\\utils\\bin\\gmake" -k -j 8 clean -O 
 
DEL /F  "Lab1.hex"  "Lab1.out" 
DEL /F "main.obj" "tm4c123gh6pm_startup_ccs.obj" 
DEL /F "main.d" "tm4c123gh6pm_startup_ccs.d" 
Could Not Find C:\Users\jhubk2\Desktop\Lab 1\Lab1\Debug\Lab1.hex
Finished clean
 

**** Build Finished ****

**** Build of configuration Debug for project Lab1 ****

"C:\\ti\\ccs1200\\ccs\\utils\\bin\\gmake" -k -j 8 all -O 
 
Building file: "../tm4c123gh6pm_startup_ccs.c"
Invoking: Arm Compiler
"C:/ti/ccs1200/ccs/tools/compiler/ti-cgt-arm_20.2.6.LTS/bin/armcl" -mv7M4 --code_state=16 --float_support=FPv4SPD16 -me --include_path="C:/Users/jhubk2/Desktop/Lab 1/Lab1" --include_path="C:/ti/TivaWare_C_Series-2.2.0.295" --include_path="C:/Users/jhubk2/Desktop/Util" --include_path="C:/ti/ccs1200/ccs/tools/compiler/ti-cgt-arm_20.2.6.LTS/include" --define=ccs="ccs" --define=PART_TM4C123GH6PM -g --gcc --diag_warning=225 --diag_wrap=off --display_error_number --abi=eabi --preproc_with_compile --preproc_dependency="tm4c123gh6pm_startup_ccs.d_raw"  "../tm4c123gh6pm_startup_ccs.c"
Finished building: "../tm4c123gh6pm_startup_ccs.c"
 
Building file: "../main.c"
Invoking: Arm Compiler
"C:/ti/ccs1200/ccs/tools/compiler/ti-cgt-arm_20.2.6.LTS/bin/armcl" -mv7M4 --code_state=16 --float_support=FPv4SPD16 -me --include_path="C:/Users/jhubk2/Desktop/Lab 1/Lab1" --include_path="C:/ti/TivaWare_C_Series-2.2.0.295" --include_path="C:/Users/jhubk2/Desktop/Util" --include_path="C:/ti/ccs1200/ccs/tools/compiler/ti-cgt-arm_20.2.6.LTS/include" --define=ccs="ccs" --define=PART_TM4C123GH6PM -g --gcc --diag_warning=225 --diag_wrap=off --display_error_number --abi=eabi --preproc_with_compile --preproc_dependency="main.d_raw"  "../main.c"
Finished building: "../main.c"
 
Building target: "Lab1.out"
Invoking: Arm Linker
"C:/ti/ccs1200/ccs/tools/compiler/ti-cgt-arm_20.2.6.LTS/bin/armcl" -mv7M4 --code_state=16 --float_support=FPv4SPD16 -me --define=ccs="ccs" --define=PART_TM4C123GH6PM -g --gcc --diag_warning=225 --diag_wrap=off --display_error_number --abi=eabi -z -m"Lab1.map" --heap_size=2048 --stack_size=1024 -i"C:/ti/ccs1200/ccs/tools/compiler/ti-cgt-arm_20.2.6.LTS/lib" -i"C:/ti/ccs1200/ccs/tools/compiler/ti-cgt-arm_20.2.6.LTS/include" --reread_libs --diag_wrap=off --display_error_number --warn_sections --xml_link_info="Lab1_linkInfo.xml" --rom_model -o "Lab1.out" "./main.obj" "./tm4c123gh6pm_startup_ccs.obj" "../tm4c123gh6pm.cmd"  -llibc.a -l"C:/ti/TivaWare_C_Series-2.2.0.295/driverlib/ccs/Debug/driverlib.lib" -l"C:/Users/jhubk2/Desktop/Util/Debug/Util.lib" 
<Linking>
Finished building target: "Lab1.out"
 

**** Build Finished ****

**** Build of configuration Debug for project Lab1 ****

"C:\\ti\\ccs1200\\ccs\\utils\\bin\\gmake" -k -j 8 all -O 
 
gmake[1]: 'Lab1.out' is up to date.

**** Build Finished ****

**** Build of configuration Debug for project Lab1 ****

"C:\\ti\\ccs1200\\ccs\\utils\\bin\\gmake" -k -j 8 all -O 
 
Building file: "../main.c"
Invoking: Arm Compiler
"C:/ti/ccs1200/ccs/tools/compiler/ti-cgt-arm_20.2.6.LTS/bin/armcl" -mv7M4 --code_state=16 --float_support=FPv4SPD16 -me --include_path="C:/Users/jhubk2/Desktop/Lab 1/Lab1" --include_path="C:/ti/TivaWare_C_Series-2.2.0.295" --include_path="C:/Users/jhubk2/Desktop/Util" --include_path="C:/ti/ccs1200/ccs/tools/compiler/ti-cgt-arm_20.2.6.LTS/include" --define=ccs="ccs" --define=PART_TM4C123GH6PM -g --gcc --diag_warning=225 --diag_wrap=off --display_error_number --abi=eabi --preproc_with_compile --preproc_dependency="main.d_raw"  "../main.c"
Finished building: "../main.c"
 
Building target: "Lab1.out"
Invoking: Arm Linker
"C:/ti/ccs1200/ccs/tools/compiler/ti-cgt-arm_20.2.6.LTS/bin/armcl" -mv7M4 --code_state=16 --float_support=FPv4SPD16 -me --define=ccs="ccs" --define=PART_TM4C123GH6PM -g --gcc --diag_warning=225 --diag_wrap=off --display_error_number --abi=eabi -z -m"Lab1.map" --heap_size=2048 --stack_size=1024 -i"C:/ti/ccs1200/ccs/tools/compiler/ti-cgt-arm_20.2.6.LTS/lib" -i"C:/ti/ccs1200/ccs/tools/compiler/ti-cgt-arm_20.2.6.LTS/include" --reread_libs --diag_wrap=off --display_error_number --warn_sections --xml_link_info="Lab1_linkInfo.xml" --rom_model -o "Lab1.out" "./main.obj" "./tm4c123gh6pm_startup_ccs.obj" "../tm4c123gh6pm.cmd"  -llibc.a -l"C:/ti/TivaWare_C_Series-2.2.0.295/driverlib/ccs/Debug/driverlib.lib" -l"C:/Users/jhubk2/Desktop/Util/Debug/Util.lib" 
<Linking>
Finished building target: "Lab1.out"
 

**** Build Finished ****
